  VisualGDB: Run "cmd.exe /c "C:\SysGCC\arm-eabi\bin\make.exe" CONFIG=Debug clean" in directory "D:\个人资料\BPI-nb-iot资料\程序\STM32F1xx_Delay_printf\Projetc\my_proj" on local computer
  cmd /C del /S /Q Debug
  删除文件 - D:\个人资料\BPI-nb-iot资料\程序\STM32F1xx_Delay_printf\Projetc\my_proj\Debug\bc95_power.dep
  删除文件 - D:\个人资料\BPI-nb-iot资料\程序\STM32F1xx_Delay_printf\Projetc\my_proj\Debug\bc95_power.o
  删除文件 - D:\个人资料\BPI-nb-iot资料\程序\STM32F1xx_Delay_printf\Projetc\my_proj\Debug\bc95_user.dep
  删除文件 - D:\个人资料\BPI-nb-iot资料\程序\STM32F1xx_Delay_printf\Projetc\my_proj\Debug\bc95_user.o
  删除文件 - D:\个人资料\BPI-nb-iot资料\程序\STM32F1xx_Delay_printf\Projetc\my_proj\Debug\core_cm3.dep
  删除文件 - D:\个人资料\BPI-nb-iot资料\程序\STM32F1xx_Delay_printf\Projetc\my_proj\Debug\core_cm3.o
  另一个程序正在使用此文件，进程无法访问。
  删除文件 - D:\个人资料\BPI-nb-iot资料\程序\STM32F1xx_Delay_printf\Projetc\my_proj\Debug\delay.dep
  删除文件 - D:\个人资料\BPI-nb-iot资料\程序\STM32F1xx_Delay_printf\Projetc\my_proj\Debug\delay.o
  删除文件 - D:\个人资料\BPI-nb-iot资料\程序\STM32F1xx_Delay_printf\Projetc\my_proj\Debug\main.dep
  删除文件 - D:\个人资料\BPI-nb-iot资料\程序\STM32F1xx_Delay_printf\Projetc\my_proj\Debug\main.o
  删除文件 - D:\个人资料\BPI-nb-iot资料\程序\STM32F1xx_Delay_printf\Projetc\my_proj\Debug\misc.dep
  删除文件 - D:\个人资料\BPI-nb-iot资料\程序\STM32F1xx_Delay_printf\Projetc\my_proj\Debug\misc.o
  删除文件 - D:\个人资料\BPI-nb-iot资料\程序\STM32F1xx_Delay_printf\Projetc\my_proj\Debug\my_proj.bin
  删除文件 - D:\个人资料\BPI-nb-iot资料\程序\STM32F1xx_Delay_printf\Projetc\my_proj\Debug\my_proj.elf
  D:\个人资料\BPI-nb-iot资料\程序\STM32F1xx_Delay_printf\Projetc\my_proj\Debug\my_proj.log
  删除文件 - D:\个人资料\BPI-nb-iot资料\程序\STM32F1xx_Delay_printf\Projetc\my_proj\Debug\startup_stm32f103xe.dep
  删除文件 - D:\个人资料\BPI-nb-iot资料\程序\STM32F1xx_Delay_printf\Projetc\my_proj\Debug\startup_stm32f103xe.o
  删除文件 - D:\个人资料\BPI-nb-iot资料\程序\STM32F1xx_Delay_printf\Projetc\my_proj\Debug\stm32f10x_adc.dep
  删除文件 - D:\个人资料\BPI-nb-iot资料\程序\STM32F1xx_Delay_printf\Projetc\my_proj\Debug\stm32f10x_adc.o
  删除文件 - D:\个人资料\BPI-nb-iot资料\程序\STM32F1xx_Delay_printf\Projetc\my_proj\Debug\stm32f10x_bkp.dep
  删除文件 - D:\个人资料\BPI-nb-iot资料\程序\STM32F1xx_Delay_printf\Projetc\my_proj\Debug\stm32f10x_bkp.o
  删除文件 - D:\个人资料\BPI-nb-iot资料\程序\STM32F1xx_Delay_printf\Projetc\my_proj\Debug\stm32f10x_can.dep
  删除文件 - D:\个人资料\BPI-nb-iot资料\程序\STM32F1xx_Delay_printf\Projetc\my_proj\Debug\stm32f10x_can.o
  删除文件 - D:\个人资料\BPI-nb-iot资料\程序\STM32F1xx_Delay_printf\Projetc\my_proj\Debug\stm32f10x_cec.dep
  删除文件 - D:\个人资料\BPI-nb-iot资料\程序\STM32F1xx_Delay_printf\Projetc\my_proj\Debug\stm32f10x_cec.o
  删除文件 - D:\个人资料\BPI-nb-iot资料\程序\STM32F1xx_Delay_printf\Projetc\my_proj\Debug\stm32f10x_crc.dep
  删除文件 - D:\个人资料\BPI-nb-iot资料\程序\STM32F1xx_Delay_printf\Projetc\my_proj\Debug\stm32f10x_crc.o
  删除文件 - D:\个人资料\BPI-nb-iot资料\程序\STM32F1xx_Delay_printf\Projetc\my_proj\Debug\stm32f10x_dac.dep
  删除文件 - D:\个人资料\BPI-nb-iot资料\程序\STM32F1xx_Delay_printf\Projetc\my_proj\Debug\stm32f10x_dac.o
  删除文件 - D:\个人资料\BPI-nb-iot资料\程序\STM32F1xx_Delay_printf\Projetc\my_proj\Debug\stm32f10x_dbgmcu.dep
  删除文件 - D:\个人资料\BPI-nb-iot资料\程序\STM32F1xx_Delay_printf\Projetc\my_proj\Debug\stm32f10x_dbgmcu.o
  删除文件 - D:\个人资料\BPI-nb-iot资料\程序\STM32F1xx_Delay_printf\Projetc\my_proj\Debug\stm32f10x_dma.dep
  删除文件 - D:\个人资料\BPI-nb-iot资料\程序\STM32F1xx_Delay_printf\Projetc\my_proj\Debug\stm32f10x_dma.o
  删除文件 - D:\个人资料\BPI-nb-iot资料\程序\STM32F1xx_Delay_printf\Projetc\my_proj\Debug\stm32f10x_exti.dep
  删除文件 - D:\个人资料\BPI-nb-iot资料\程序\STM32F1xx_Delay_printf\Projetc\my_proj\Debug\stm32f10x_exti.o
  删除文件 - D:\个人资料\BPI-nb-iot资料\程序\STM32F1xx_Delay_printf\Projetc\my_proj\Debug\stm32f10x_flash.dep
  删除文件 - D:\个人资料\BPI-nb-iot资料\程序\STM32F1xx_Delay_printf\Projetc\my_proj\Debug\stm32f10x_flash.o
  删除文件 - D:\个人资料\BPI-nb-iot资料\程序\STM32F1xx_Delay_printf\Projetc\my_proj\Debug\stm32f10x_fsmc.dep
  删除文件 - D:\个人资料\BPI-nb-iot资料\程序\STM32F1xx_Delay_printf\Projetc\my_proj\Debug\stm32f10x_fsmc.o
  删除文件 - D:\个人资料\BPI-nb-iot资料\程序\STM32F1xx_Delay_printf\Projetc\my_proj\Debug\stm32f10x_gpio.dep
  删除文件 - D:\个人资料\BPI-nb-iot资料\程序\STM32F1xx_Delay_printf\Projetc\my_proj\Debug\stm32f10x_gpio.o
  删除文件 - D:\个人资料\BPI-nb-iot资料\程序\STM32F1xx_Delay_printf\Projetc\my_proj\Debug\stm32f10x_i2c.dep
  删除文件 - D:\个人资料\BPI-nb-iot资料\程序\STM32F1xx_Delay_printf\Projetc\my_proj\Debug\stm32f10x_i2c.o
  删除文件 - D:\个人资料\BPI-nb-iot资料\程序\STM32F1xx_Delay_printf\Projetc\my_proj\Debug\stm32f10x_it.dep
  删除文件 - D:\个人资料\BPI-nb-iot资料\程序\STM32F1xx_Delay_printf\Projetc\my_proj\Debug\stm32f10x_it.o
  删除文件 - D:\个人资料\BPI-nb-iot资料\程序\STM32F1xx_Delay_printf\Projetc\my_proj\Debug\stm32f10x_iwdg.dep
  删除文件 - D:\个人资料\BPI-nb-iot资料\程序\STM32F1xx_Delay_printf\Projetc\my_proj\Debug\stm32f10x_iwdg.o
  删除文件 - D:\个人资料\BPI-nb-iot资料\程序\STM32F1xx_Delay_printf\Projetc\my_proj\Debug\stm32f10x_pwr.dep
  删除文件 - D:\个人资料\BPI-nb-iot资料\程序\STM32F1xx_Delay_printf\Projetc\my_proj\Debug\stm32f10x_pwr.o
  删除文件 - D:\个人资料\BPI-nb-iot资料\程序\STM32F1xx_Delay_printf\Projetc\my_proj\Debug\stm32f10x_rcc.dep
  删除文件 - D:\个人资料\BPI-nb-iot资料\程序\STM32F1xx_Delay_printf\Projetc\my_proj\Debug\stm32f10x_rcc.o
  删除文件 - D:\个人资料\BPI-nb-iot资料\程序\STM32F1xx_Delay_printf\Projetc\my_proj\Debug\stm32f10x_rtc.dep
  删除文件 - D:\个人资料\BPI-nb-iot资料\程序\STM32F1xx_Delay_printf\Projetc\my_proj\Debug\stm32f10x_rtc.o
  删除文件 - D:\个人资料\BPI-nb-iot资料\程序\STM32F1xx_Delay_printf\Projetc\my_proj\Debug\stm32f10x_sdio.dep
  删除文件 - D:\个人资料\BPI-nb-iot资料\程序\STM32F1xx_Delay_printf\Projetc\my_proj\Debug\stm32f10x_sdio.o
  删除文件 - D:\个人资料\BPI-nb-iot资料\程序\STM32F1xx_Delay_printf\Projetc\my_proj\Debug\stm32f10x_spi.dep
  删除文件 - D:\个人资料\BPI-nb-iot资料\程序\STM32F1xx_Delay_printf\Projetc\my_proj\Debug\stm32f10x_spi.o
  删除文件 - D:\个人资料\BPI-nb-iot资料\程序\STM32F1xx_Delay_printf\Projetc\my_proj\Debug\stm32f10x_tim.dep
  删除文件 - D:\个人资料\BPI-nb-iot资料\程序\STM32F1xx_Delay_printf\Projetc\my_proj\Debug\stm32f10x_tim.o
  删除文件 - D:\个人资料\BPI-nb-iot资料\程序\STM32F1xx_Delay_printf\Projetc\my_proj\Debug\stm32f10x_usart.dep
  删除文件 - D:\个人资料\BPI-nb-iot资料\程序\STM32F1xx_Delay_printf\Projetc\my_proj\Debug\stm32f10x_usart.o
  删除文件 - D:\个人资料\BPI-nb-iot资料\程序\STM32F1xx_Delay_printf\Projetc\my_proj\Debug\stm32f10x_wwdg.dep
  删除文件 - D:\个人资料\BPI-nb-iot资料\程序\STM32F1xx_Delay_printf\Projetc\my_proj\Debug\stm32f10x_wwdg.o
  删除文件 - D:\个人资料\BPI-nb-iot资料\程序\STM32F1xx_Delay_printf\Projetc\my_proj\Debug\stm32f1x_nvic_user.dep
  删除文件 - D:\个人资料\BPI-nb-iot资料\程序\STM32F1xx_Delay_printf\Projetc\my_proj\Debug\stm32f1x_nvic_user.o
  删除文件 - D:\个人资料\BPI-nb-iot资料\程序\STM32F1xx_Delay_printf\Projetc\my_proj\Debug\system_stm32f10x.dep
  删除文件 - D:\个人资料\BPI-nb-iot资料\程序\STM32F1xx_Delay_printf\Projetc\my_proj\Debug\system_stm32f10x.o
  删除文件 - D:\个人资料\BPI-nb-iot资料\程序\STM32F1xx_Delay_printf\Projetc\my_proj\Debug\usart.dep
  删除文件 - D:\个人资料\BPI-nb-iot资料\程序\STM32F1xx_Delay_printf\Projetc\my_proj\Debug\usart.o
